0 info it worked if it ends with ok
1 verbose cli [ 'C:\\Program Files\\nodejs\\node.exe',
1 verbose cli   'C:\\Users\\wass1\\AppData\\Roaming\\npm\\node_modules\\npm\\bin\\npm-cli.js',
1 verbose cli   'run',
1 verbose cli   'lite-server' ]
2 info using npm@4.0.5
3 info using node@v6.2.2
4 verbose run-script [ 'prelite-server', 'lite-server', 'postlite-server' ]
5 info lifecycle client@0.0.0~prelite-server: client@0.0.0
6 silly lifecycle client@0.0.0~prelite-server: no script for prelite-server, continuing
7 info lifecycle client@0.0.0~lite-server: client@0.0.0
8 verbose lifecycle client@0.0.0~lite-server: unsafe-perm in lifecycle true
9 verbose lifecycle client@0.0.0~lite-server: PATH: C:\Users\wass1\AppData\Roaming\npm\node_modules\npm\bin\node-gyp-bin;C:\Users\wass1\Documents\WebComp\frontend\node_modules\.bin;C:\Users\wass1\AppData\Roaming\npm\node_modules\npm\bin\node-gyp-bin;C:\Users\wass1\Documents\WebComp\frontend\node_modules\.bin;C:\ProgramData\Oracle\Java\javapath;C:\Windows\system32;C:\Windows;C:\Windows\System32\Wbem;C:\Windows\System32\WindowsPowerShell\v1.0\;C:\Program Files\Git\cmd;C:\Program Files (x86)\QuickTime\QTSystem\;C:\Program Files\nodejs\;C:\Program Files\MongoDB\Server\3.2\bin\;C:\Program Files (x86)\PuTTY\;C:\Program Files (x86)\Skype\Phone\;C:\Program Files (x86)\NVIDIA Corporation\PhysX\Common;C:\WINDOWS\system32;C:\WINDOWS;C:\WINDOWS\System32\Wbem;C:\WINDOWS\System32\WindowsPowerShell\v1.0\;C:\Program Files (x86)\Heroku\bin;C:\Program Files (x86)\git\cmd;C:\Program Files (x86)\Git\cmd;C:\Python352\Scripts\;C:\Python352\;C:\Users\wass1\AppData\Local\Programs\Python\Launcher\;C:\Ruby21-x64\bin;C:\Users\wass1\AppData\Local\atom\bin;C:\Users\wass1\AppData\Roaming\npm;C:\Program Files\java\jdk1.8.0_92\bin;C:\Users\wass1\AppData\Local\Microsoft\WindowsApps;C:\Program Files (x86)\CodeBlocks\MinGW;C:\Rsync
10 verbose lifecycle client@0.0.0~lite-server: CWD: C:\Users\wass1\Documents\WebComp\frontend
11 silly lifecycle client@0.0.0~lite-server: Args: [ '/d /s /c', 'lite-server -p 8080' ]
12 silly lifecycle client@0.0.0~lite-server: Returned: code: 3221225786  signal: null
13 info lifecycle client@0.0.0~lite-server: Failed to exec lite-server script
14 verbose stack Error: client@0.0.0 lite-server: `lite-server -p 8080`
14 verbose stack Exit status 3221225786
14 verbose stack     at EventEmitter.<anonymous> (C:\Users\wass1\AppData\Roaming\npm\node_modules\npm\lib\utils\lifecycle.js:279:16)
14 verbose stack     at emitTwo (events.js:106:13)
14 verbose stack     at EventEmitter.emit (events.js:191:7)
14 verbose stack     at ChildProcess.<anonymous> (C:\Users\wass1\AppData\Roaming\npm\node_modules\npm\lib\utils\spawn.js:40:14)
14 verbose stack     at emitTwo (events.js:106:13)
14 verbose stack     at ChildProcess.emit (events.js:191:7)
14 verbose stack     at maybeClose (internal/child_process.js:852:16)
14 verbose stack     at Process.ChildProcess._handle.onexit (internal/child_process.js:215:5)
15 verbose pkgid client@0.0.0
16 verbose cwd C:\Users\wass1\Documents\WebComp\frontend
17 error Windows_NT 10.0.14393
18 error argv "C:\\Program Files\\nodejs\\node.exe" "C:\\Users\\wass1\\AppData\\Roaming\\npm\\node_modules\\npm\\bin\\npm-cli.js" "run" "lite-server"
19 error node v6.2.2
20 error npm  v4.0.5
21 error code ELIFECYCLE
22 error client@0.0.0 lite-server: `lite-server -p 8080`
22 error Exit status 3221225786
23 error Failed at the client@0.0.0 lite-server script 'lite-server -p 8080'.
23 error Make sure you have the latest version of node.js and npm installed.
23 error If you do, this is most likely a problem with the client package,
23 error not with npm itself.
23 error Tell the author that this fails on your system:
23 error     lite-server -p 8080
23 error You can get information on how to open an issue for this project with:
23 error     npm bugs client
23 error Or if that isn't available, you can get their info via:
23 error     npm owner ls client
23 error There is likely additional logging output above.
24 verbose exit [ 1, true ]
